<?xml version="1.0" encoding="UTF-8"?>
<!-- Generated by org.testng.reporters.JUnitReportReporter -->
<testsuite hostname="DESKTOP-0E95FKB" failures="0" tests="1" name="tests.TestSeleniumGemini" time="58.941" errors="0" timestamp="2025-09-06T18:14:47 IST" skipped="0">
  <testcase classname="tests.TestSeleniumGemini" name="testLogin" time="58.941"/>
</testsuite> <!-- tests.TestSeleniumGemini -->
